<?xml version="1.0" encoding="UTF-8"?>
<!-- Generated by org.testng.reporters.JUnitReportReporter -->
<testsuite name="com.testng.Simple_Annotations" tests="3" time="0.004" ignored="0" failures="0" timestamp="19 Nov 2021 16:33:25 GMT" skipped="0" hostname="Azariah" errors="0">
  <testcase name="shirts" time="0.002" classname="com.testng.Simple_Annotations"/>
  <testcase name="dresses" time="0.002" classname="com.testng.Simple_Annotations"/>
  <testcase name="amazon" time="0.000" classname="com.testng.Simple_Annotations"/>
</testsuite> <!-- com.testng.Simple_Annotations -->
